# JRE version: OpenJDK Runtime Environment (17.0.5+8) (build 17.0.5+8-nixos)
# Java VM: OpenJDK 64-Bit Server VM (17.0.5+8-nixos, mixed mode, sharing, tiered, compressed oops, compressed class ptrs, g1 gc, linux-amd64)
GC Precious Log:
 CPUs: 16 total, 16 available
 Memory: 31821M
 Large Page Support: Disabled
 NUMA Support: Disabled
 Compressed Oops: Enabled (32-bit)
 Heap Region Size: 1M
 Heap Min Capacity: 64M
 Heap Initial Capacity: 64M
 Heap Max Capacity: 1G
 Pre-touch: Disabled
 Parallel Workers: 13
 Concurrent Workers: 3
 Concurrent Refinement Workers: 13
 Periodic GC: Disabled
Heap:
 garbage-first heap   total 126976K, used 48247K [0x00000000c0000000, 0x0000000100000000)
  region size 1024K, 9 young (9216K), 1 survivors (1024K)
 Metaspace       used 48074K, committed 49088K, reserved 1097728K
  class space    used 5588K, committed 6016K, reserved 1048576K
GC Heap History (20 events):
Event: 1,602 GC heap before
{Heap before GC invocations=4 (full 0):
 garbage-first heap   total 70656K, used 45180K [0x00000000c0000000, 0x0000000100000000)
  region size 1024K, 18 young (18432K), 5 survivors (5120K)
 Metaspace       used 8412K, committed 8576K, reserved 1064960K
  class space    used 759K, committed 832K, reserved 1048576K
}
Event: 1,614 GC heap after
{Heap after GC invocations=5 (full 0):
 garbage-first heap   total 70656K, used 37908K [0x00000000c0000000, 0x0000000100000000)
  region size 1024K, 3 young (3072K), 3 survivors (3072K)
 Metaspace       used 8412K, committed 8576K, reserved 1064960K
  class space    used 759K, committed 832K, reserved 1048576K
}
Event: 1,655 GC heap before
{Heap before GC invocations=5 (full 0):
 garbage-first heap   total 70656K, used 49172K [0x00000000c0000000, 0x0000000100000000)
  region size 1024K, 14 young (14336K), 3 survivors (3072K)
 Metaspace       used 8415K, committed 8576K, reserved 1064960K
  class space    used 759K, committed 832K, reserved 1048576K
}
Event: 1,663 GC heap after
{Heap after GC invocations=6 (full 0):
 garbage-first heap   total 141312K, used 40980K [0x00000000c0000000, 0x0000000100000000)
  region size 1024K, 2 young (2048K), 2 survivors (2048K)
 Metaspace       used 8415K, committed 8576K, reserved 1064960K
  class space    used 759K, committed 832K, reserved 1048576K
}
Event: 2,392 GC heap before
{Heap before GC invocations=7 (full 0):
 garbage-first heap   total 141312K, used 81940K [0x00000000c0000000, 0x0000000100000000)
  region size 1024K, 43 young (44032K), 2 survivors (2048K)
 Metaspace       used 11615K, committed 11840K, reserved 1064960K
  class space    used 1074K, committed 1216K, reserved 1048576K
}
Event: 2,403 GC heap after
{Heap after GC invocations=8 (full 0):
 garbage-first heap   total 141312K, used 48610K [0x00000000c0000000, 0x0000000100000000)
  region size 1024K, 6 young (6144K), 6 survivors (6144K)
 Metaspace       used 11615K, committed 11840K, reserved 1064960K
  class space    used 1074K, committed 1216K, reserved 1048576K
}
Event: 3,460 GC heap before
{Heap before GC invocations=8 (full 0):
 garbage-first heap   total 141312K, used 87522K [0x00000000c0000000, 0x0000000100000000)
  region size 1024K, 45 young (46080K), 6 survivors (6144K)
 Metaspace       used 17106K, committed 17664K, reserved 1073152K
  class space    used 1645K, committed 1856K, reserved 1048576K
}
Event: 3,469 GC heap after
{Heap after GC invocations=9 (full 0):
 garbage-first heap   total 141312K, used 55577K [0x00000000c0000000, 0x0000000100000000)
  region size 1024K, 6 young (6144K), 6 survivors (6144K)
 Metaspace       used 17106K, committed 17664K, reserved 1073152K
  class space    used 1645K, committed 1856K, reserved 1048576K
}
Event: 3,951 GC heap before
{Heap before GC invocations=9 (full 0):
 garbage-first heap   total 141312K, used 80153K [0x00000000c0000000, 0x0000000100000000)
  region size 1024K, 28 young (28672K), 6 survivors (6144K)
 Metaspace       used 20929K, committed 21504K, reserved 1073152K
  class space    used 2123K, committed 2304K, reserved 1048576K
}
Event: 3,956 GC heap after
{Heap after GC invocations=10 (full 0):
 garbage-first heap   total 141312K, used 58724K [0x00000000c0000000, 0x0000000100000000)
  region size 1024K, 3 young (3072K), 3 survivors (3072K)
 Metaspace       used 20929K, committed 21504K, reserved 1073152K
  class space    used 2123K, committed 2304K, reserved 1048576K
}
Event: 5,403 GC heap before
{Heap before GC invocations=11 (full 0):
 garbage-first heap   total 130048K, used 84324K [0x00000000c0000000, 0x0000000100000000)
  region size 1024K, 42 young (43008K), 3 survivors (3072K)
 Metaspace       used 33281K, committed 34112K, reserved 1081344K
  class space    used 3804K, committed 4224K, reserved 1048576K
}
Event: 5,409 GC heap after
{Heap after GC invocations=12 (full 0):
 garbage-first heap   total 130048K, used 41883K [0x00000000c0000000, 0x0000000100000000)
  region size 1024K, 6 young (6144K), 6 survivors (6144K)
 Metaspace       used 33281K, committed 34112K, reserved 1081344K
  class space    used 3804K, committed 4224K, reserved 1048576K
}
Event: 5,430 GC heap before
{Heap before GC invocations=12 (full 0):
 garbage-first heap   total 130048K, used 42907K [0x00000000c0000000, 0x0000000100000000)
  region size 1024K, 7 young (7168K), 6 survivors (6144K)
 Metaspace       used 33592K, committed 34432K, reserved 1081344K
  class space    used 3838K, committed 4224K, reserved 1048576K
}
Event: 5,435 GC heap after
{Heap after GC invocations=13 (full 0):
 garbage-first heap   total 130048K, used 35145K [0x00000000c0000000, 0x0000000100000000)
  region size 1024K, 1 young (1024K), 1 survivors (1024K)
 Metaspace       used 33592K, committed 34432K, reserved 1081344K
  class space    used 3838K, committed 4224K, reserved 1048576K
}
Event: 5,615 GC heap before
{Heap before GC invocations=13 (full 0):
 garbage-first heap   total 130048K, used 40265K [0x00000000c0000000, 0x0000000100000000)
  region size 1024K, 7 young (7168K), 1 survivors (1024K)
 Metaspace       used 35250K, committed 36160K, reserved 1081344K
  class space    used 4063K, committed 4480K, reserved 1048576K
}
Event: 5,618 GC heap after
{Heap after GC invocations=14 (full 0):
 garbage-first heap   total 130048K, used 35084K [0x00000000c0000000, 0x0000000100000000)
  region size 1024K, 1 young (1024K), 1 survivors (1024K)
 Metaspace       used 35250K, committed 36160K, reserved 1081344K
  class space    used 4063K, committed 4480K, reserved 1048576K
}
Event: 17,705 GC heap before
{Heap before GC invocations=15 (full 0):
 garbage-first heap   total 126976K, used 86284K [0x00000000c0000000, 0x0000000100000000)
  region size 1024K, 52 young (53248K), 1 survivors (1024K)
 Metaspace       used 47850K, committed 48896K, reserved 1097728K
  class space    used 5580K, committed 6016K, reserved 1048576K
}
Event: 17,711 GC heap after
{Heap after GC invocations=16 (full 0):
 garbage-first heap   total 126976K, used 41971K [0x00000000c0000000, 0x0000000100000000)
  region size 1024K, 7 young (7168K), 7 survivors (7168K)
 Metaspace       used 47850K, committed 48896K, reserved 1097728K
  class space    used 5580K, committed 6016K, reserved 1048576K
}
Event: 17,847 GC heap before
{Heap before GC invocations=16 (full 0):
 garbage-first heap   total 126976K, used 42995K [0x00000000c0000000, 0x0000000100000000)
  region size 1024K, 8 young (8192K), 7 survivors (7168K)
 Metaspace       used 47881K, committed 48960K, reserved 1097728K
  class space    used 5583K, committed 6016K, reserved 1048576K
}
Event: 17,852 GC heap after
{Heap after GC invocations=17 (full 0):
 garbage-first heap   total 126976K, used 41079K [0x00000000c0000000, 0x0000000100000000)
  region size 1024K, 1 young (1024K), 1 survivors (1024K)
 Metaspace       used 47881K, committed 48960K, reserved 1097728K
  class space    used 5583K, committed 6016K, reserved 1048576K
}

